<?xml version="1.0" encoding="UTF-8"?>
<!-- Generated by org.testng.reporters.JUnitXMLReporter -->
<testsuite hostname="TIGUNVTIWRL0002" name="BW_Test" tests="10" failures="0" timestamp="20 Jan 2017 12:30:32 GMT" time="86.314" errors="0">
  <testcase name="Stg_login" time="6.142" classname="bw_dd_testcases.SalesSanity"/>
  <testcase name="leaddashboard" time="12.296" classname="bw_dd_testcases.SalesSanity"/>
  <testcase name="Create_lead" time="4.938" classname="bw_dd_testcases.SalesSanity"/>
  <testcase name="CreateAccount" time="2.526" classname="bw_dd_testcases.SalesSanity"/>
  <testcase name="SalesDashboard" time="6.558" classname="bw_dd_testcases.SalesSanity"/>
  <testcase name="RecordSales" time="6.95" classname="bw_dd_testcases.SalesSanity"/>
  <testcase name="ManagePackage" time="4.911" classname="bw_dd_testcases.SalesSanity"/>
  <testcase name="Invoices" time="8.751" classname="bw_dd_testcases.SalesSanity"/>
  <testcase name="ExecutiveDashboard" time="5.814" classname="bw_dd_testcases.SalesSanity"/>
  <testcase name="CreateExecutive" time="5.016" classname="bw_dd_testcases.SalesSanity"/>
</testsuite> <!-- BW_Test -->
