<?xml version="1.0" encoding="UTF-8"?>
<!-- Generated by org.testng.reporters.JUnitXMLReporter -->
<testsuite hostname="TIGUNVTIWRL0002" name="Test6" tests="6" failures="0" timestamp="24 May 2017 04:18:31 GMT" time="0.016" errors="0">
  <testcase name="@BeforeTest isSkip" time="0.0" classname="bw_dd_testcases.PackageSanity">
    <skipped/>
  </testcase> <!-- @BeforeTest isSkip -->
  <testcase name="@AfterTest logout" time="0.0" classname="bw_dd_testcases.PackageSanity">
    <skipped/>
  </testcase> <!-- @AfterTest logout -->
  <testcase name="login" time="0.0" classname="bw_dd_testcases.PackageSanity">
    <skipped/>
  </testcase> <!-- login -->
  <testcase name="PackageDashboard" time="0.0" classname="bw_dd_testcases.PackageSanity">
    <skipped/>
  </testcase> <!-- PackageDashboard -->
  <testcase name="CreatePackage" time="0.0" classname="bw_dd_testcases.PackageSanity">
    <skipped/>
  </testcase> <!-- CreatePackage -->
  <testcase name="ManagePricing" time="0.004" classname="bw_dd_testcases.PackageSanity">
    <skipped/>
  </testcase> <!-- ManagePricing -->
  <testcase name="ExecutiveDashboard" time="0.0" classname="bw_dd_testcases.PackageSanity">
    <skipped/>
  </testcase> <!-- ExecutiveDashboard -->
  <testcase name="CreateExecutive" time="0.0" classname="bw_dd_testcases.PackageSanity">
    <skipped/>
  </testcase> <!-- CreateExecutive -->
</testsuite> <!-- Test6 -->
