<?xml version="1.0" encoding="UTF-8"?>
<!-- Generated by org.testng.reporters.JUnitXMLReporter -->
<testsuite hostname="TIGUNVTIWRL0002" name="Test5" tests="8" failures="0" timestamp="24 May 2017 04:18:31 GMT" time="0.06" errors="0">
  <testcase name="@BeforeTest isSkip" time="0.0" classname="bw_dd_testcases.ContentSanity">
    <skipped/>
  </testcase> <!-- @BeforeTest isSkip -->
  <testcase name="@AfterTest logout" time="0.0" classname="bw_dd_testcases.ContentSanity">
    <skipped/>
  </testcase> <!-- @AfterTest logout -->
  <testcase name="login" time="0.004" classname="bw_dd_testcases.ContentSanity">
    <skipped/>
  </testcase> <!-- login -->
  <testcase name="ContentDashboard" time="0.0" classname="bw_dd_testcases.ContentSanity">
    <skipped/>
  </testcase> <!-- ContentDashboard -->
  <testcase name="CreatePressRelease" time="0.004" classname="bw_dd_testcases.ContentSanity">
    <skipped/>
  </testcase> <!-- CreatePressRelease -->
  <testcase name="CreateBrandResponse" time="0.0" classname="bw_dd_testcases.ContentSanity">
    <skipped/>
  </testcase> <!-- CreateBrandResponse -->
  <testcase name="CreateBrandAddendum" time="0.0" classname="bw_dd_testcases.ContentSanity">
    <skipped/>
  </testcase> <!-- CreateBrandAddendum -->
  <testcase name="CreateBrandCommen" time="0.0" classname="bw_dd_testcases.ContentSanity">
    <skipped/>
  </testcase> <!-- CreateBrandCommen -->
  <testcase name="ExecutiveDashboard" time="0.004" classname="bw_dd_testcases.ContentSanity">
    <skipped/>
  </testcase> <!-- ExecutiveDashboard -->
  <testcase name="CreateExecutive" time="0.004" classname="bw_dd_testcases.ContentSanity">
    <skipped/>
  </testcase> <!-- CreateExecutive -->
</testsuite> <!-- Test5 -->
