<?xml version="1.0" encoding="UTF-8"?>
<!-- Generated by org.testng.reporters.JUnitXMLReporter -->
<testsuite hostname="TIGUNVTIWRL0002" name="Test2" tests="10" failures="0" timestamp="24 May 2017 04:18:31 GMT" time="0.068" errors="0">
  <testcase name="@BeforeTest isSkip" time="0.0" classname="bw_dd_testcases.SalesSanity">
    <skipped/>
  </testcase> <!-- @BeforeTest isSkip -->
  <testcase name="@AfterTest logout" time="0.0" classname="bw_dd_testcases.SalesSanity">
    <skipped/>
  </testcase> <!-- @AfterTest logout -->
  <testcase name="login" time="0.0" classname="bw_dd_testcases.SalesSanity">
    <skipped/>
  </testcase> <!-- login -->
  <testcase name="LeadDashboard" time="0.0" classname="bw_dd_testcases.SalesSanity">
    <skipped/>
  </testcase> <!-- LeadDashboard -->
  <testcase name="CreateLead" time="0.0" classname="bw_dd_testcases.SalesSanity">
    <skipped/>
  </testcase> <!-- CreateLead -->
  <testcase name="CreateAccount" time="0.0" classname="bw_dd_testcases.SalesSanity">
    <skipped/>
  </testcase> <!-- CreateAccount -->
  <testcase name="SalesDashboard" time="0.004" classname="bw_dd_testcases.SalesSanity">
    <skipped/>
  </testcase> <!-- SalesDashboard -->
  <testcase name="RecordSales" time="0.004" classname="bw_dd_testcases.SalesSanity">
    <skipped/>
  </testcase> <!-- RecordSales -->
  <testcase name="ManageProduct" time="0.004" classname="bw_dd_testcases.SalesSanity">
    <skipped/>
  </testcase> <!-- ManageProduct -->
  <testcase name="Invoices" time="0.0" classname="bw_dd_testcases.SalesSanity">
    <skipped/>
  </testcase> <!-- Invoices -->
  <testcase name="ExecutiveDashboard" time="0.0" classname="bw_dd_testcases.SalesSanity">
    <skipped/>
  </testcase> <!-- ExecutiveDashboard -->
  <testcase name="CreateExecutive" time="0.0" classname="bw_dd_testcases.SalesSanity">
    <skipped/>
  </testcase> <!-- CreateExecutive -->
</testsuite> <!-- Test2 -->
