<?xml version="1.0" encoding="UTF-8"?>
<!-- Generated by org.testng.reporters.JUnitXMLReporter -->
<testsuite hostname="TIGUNVTIWRL0002" name="Test7" tests="3" failures="0" timestamp="24 May 2017 04:18:31 GMT" time="0.02" errors="0">
  <testcase name="@BeforeTest isSkip" time="0.0" classname="bw_dd_testcases.AdminSanity">
    <skipped/>
  </testcase> <!-- @BeforeTest isSkip -->
  <testcase name="@AfterTest logout" time="0.0" classname="bw_dd_testcases.AdminSanity">
    <skipped/>
  </testcase> <!-- @AfterTest logout -->
  <testcase name="login" time="0.0" classname="bw_dd_testcases.AdminSanity">
    <skipped/>
  </testcase> <!-- login -->
  <testcase name="AdminDashboard" time="0.0" classname="bw_dd_testcases.AdminSanity">
    <skipped/>
  </testcase> <!-- AdminDashboard -->
  <testcase name="Createaccount" time="0.004" classname="bw_dd_testcases.AdminSanity">
    <skipped/>
  </testcase> <!-- Createaccount -->
</testsuite> <!-- Test7 -->
