<?xml version="1.0" encoding="UTF-8"?>
<!-- Generated by org.testng.reporters.JUnitXMLReporter -->
<testsuite hostname="TIGUNVTIWRL0002" name="Test4" tests="9" failures="0" timestamp="24 May 2017 04:18:31 GMT" time="0.036" errors="0">
  <testcase name="@BeforeTest isSkip" time="0.0" classname="bw_dd_testcases.FinanceSanity">
    <skipped/>
  </testcase> <!-- @BeforeTest isSkip -->
  <testcase name="@AfterTest logout" time="0.0" classname="bw_dd_testcases.FinanceSanity">
    <skipped/>
  </testcase> <!-- @AfterTest logout -->
  <testcase name="login" time="0.004" classname="bw_dd_testcases.FinanceSanity">
    <skipped/>
  </testcase> <!-- login -->
  <testcase name="FinanceDashboard" time="0.0" classname="bw_dd_testcases.FinanceSanity">
    <skipped/>
  </testcase> <!-- FinanceDashboard -->
  <testcase name="CreateAccout" time="0.004" classname="bw_dd_testcases.FinanceSanity">
    <skipped/>
  </testcase> <!-- CreateAccout -->
  <testcase name="RecordSale" time="0.0" classname="bw_dd_testcases.FinanceSanity">
    <skipped/>
  </testcase> <!-- RecordSale -->
  <testcase name="ManageProduct" time="0.0" classname="bw_dd_testcases.FinanceSanity">
    <skipped/>
  </testcase> <!-- ManageProduct -->
  <testcase name="Invoices" time="0.004" classname="bw_dd_testcases.FinanceSanity">
    <skipped/>
  </testcase> <!-- Invoices -->
  <testcase name="RevenueReports" time="0.0" classname="bw_dd_testcases.FinanceSanity">
    <skipped/>
  </testcase> <!-- RevenueReports -->
  <testcase name="ExecutiveDashboard" time="0.0" classname="bw_dd_testcases.FinanceSanity">
    <skipped/>
  </testcase> <!-- ExecutiveDashboard -->
  <testcase name="CreateExecutive" time="0.004" classname="bw_dd_testcases.FinanceSanity">
    <skipped/>
  </testcase> <!-- CreateExecutive -->
</testsuite> <!-- Test4 -->
