<?xml version="1.0" encoding="UTF-8"?>
<!-- Generated by org.testng.reporters.JUnitXMLReporter -->
<testsuite hostname="TIGUNVTIWRL0002" name="Test3" tests="10" failures="0" timestamp="24 May 2017 04:18:31 GMT" time="0.024" errors="0">
  <testcase name="@BeforeTest isSkip" time="0.0" classname="bw_dd_testcases.AccountSanity">
    <skipped/>
  </testcase> <!-- @BeforeTest isSkip -->
  <testcase name="@AfterTest logout" time="0.0" classname="bw_dd_testcases.AccountSanity">
    <skipped/>
  </testcase> <!-- @AfterTest logout -->
  <testcase name="login" time="0.0" classname="bw_dd_testcases.AccountSanity">
    <skipped/>
  </testcase> <!-- login -->
  <testcase name="AccountDashboard" time="0.0" classname="bw_dd_testcases.AccountSanity">
    <skipped/>
  </testcase> <!-- AccountDashboard -->
  <testcase name="CreateAccount" time="0.004" classname="bw_dd_testcases.AccountSanity">
    <skipped/>
  </testcase> <!-- CreateAccount -->
  <testcase name="createBrand" time="0.0" classname="bw_dd_testcases.AccountSanity">
    <skipped/>
  </testcase> <!-- createBrand -->
  <testcase name="manageBrand" time="0.0" classname="bw_dd_testcases.AccountSanity">
    <skipped/>
  </testcase> <!-- manageBrand -->
  <testcase name="createManager" time="0.0" classname="bw_dd_testcases.AccountSanity">
    <skipped/>
  </testcase> <!-- createManager -->
  <testcase name="manageManager" time="0.0" classname="bw_dd_testcases.AccountSanity">
    <skipped/>
  </testcase> <!-- manageManager -->
  <testcase name="ManagePublication" time="0.0" classname="bw_dd_testcases.AccountSanity">
    <skipped/>
  </testcase> <!-- ManagePublication -->
  <testcase name="ExecutiveDashboard" time="0.0" classname="bw_dd_testcases.AccountSanity">
    <skipped/>
  </testcase> <!-- ExecutiveDashboard -->
  <testcase name="CreateExecutive" time="0.0" classname="bw_dd_testcases.AccountSanity">
    <skipped/>
  </testcase> <!-- CreateExecutive -->
</testsuite> <!-- Test3 -->
