<?xml version="1.0" encoding="UTF-8"?>
<!-- Generated by org.testng.reporters.JUnitXMLReporter -->
<testsuite hostname="TIGUNVTIWRL0002" name="Test9" tests="1" failures="0" timestamp="24 May 2017 03:59:28 GMT" time="0.005" errors="0">
  <testcase name="@BeforeTest isSkip" time="0.0" classname="bw_dd_testcases.BrokenLinks">
    <skipped/>
  </testcase> <!-- @BeforeTest isSkip -->
  <testcase name="home_page_links_testing" time="0.001" classname="bw_dd_testcases.BrokenLinks">
    <skipped/>
  </testcase> <!-- home_page_links_testing -->
</testsuite> <!-- Test9 -->
