<?xml version="1.0" encoding="UTF-8"?>
<!-- Generated by org.testng.reporters.JUnitXMLReporter -->
<testsuite hostname="TIGUNVTIWRL0002" name="Test8" tests="25" failures="2" timestamp="24 May 2017 03:59:28 GMT" time="75.173" errors="0">
  <testcase name="login" time="2.393" classname="bw_dd_testcases.AgencyClient"/>
  <testcase name="Media_Center" time="7.589" classname="bw_dd_testcases.AgencyClient"/>
  <testcase name="Press_Release_History" time="5.554" classname="bw_dd_testcases.AgencyClient"/>
  <testcase name="Brand_Addendum_History" time="4.066" classname="bw_dd_testcases.AgencyClient"/>
  <testcase name="Brand_Comment_History" time="3.805" classname="bw_dd_testcases.AgencyClient"/>
  <testcase name="Brand_Response_History" time="3.818" classname="bw_dd_testcases.AgencyClient"/>
  <testcase name="QnA_Dashboard" time="3.007" classname="bw_dd_testcases.AgencyClient"/>
  <testcase name="My_Profile" time="2.887" classname="bw_dd_testcases.AgencyClient"/>
  <testcase name="Company_Information" time="3.09" classname="bw_dd_testcases.AgencyClient"/>
  <testcase name="Client_info" time="3.099" classname="bw_dd_testcases.AgencyClient"/>
  <testcase name="Manage_manager" time="2.711" classname="bw_dd_testcases.AgencyClient"/>
  <testcase name="Manage_Product_Assign" time="3.348" classname="bw_dd_testcases.AgencyClient"/>
  <testcase name="Manage_Request" time="0.139" classname="bw_dd_testcases.AgencyClient">
    <skipped/>
  </testcase> <!-- Manage_Request -->
  <testcase name="Manage_Request" time="0.149" classname="bw_dd_testcases.AgencyClient">
    <skipped/>
  </testcase> <!-- Manage_Request -->
  <testcase name="Manage_Request" time="0.112" classname="bw_dd_testcases.AgencyClient">
    <failure type="java.lang.AssertionError" message="null">
      <![CDATA[java.lang.AssertionError: null
	at bw_dd_testcases.AgencyClient.Manage_Request(AgencyClient.java:608)
... Removed 26 stack frames]]>
    </failure>
  </testcase> <!-- Manage_Request -->
  <testcase name="Usage_History" time="3.525" classname="bw_dd_testcases.AgencyClient"/>
  <testcase name="Offerings_PR" time="7.515" classname="bw_dd_testcases.AgencyClient"/>
  <testcase name="Offerings_BC" time="0.261" classname="bw_dd_testcases.AgencyClient"/>
  <testcase name="Offerings_BR" time="0.281" classname="bw_dd_testcases.AgencyClient"/>
  <testcase name="Offerings_AF" time="0.261" classname="bw_dd_testcases.AgencyClient"/>
  <testcase name="Offerings_RQ" time="2.265" classname="bw_dd_testcases.AgencyClient"/>
  <testcase name="Offerings_Press_Release" time="4.209" classname="bw_dd_testcases.AgencyClient"/>
  <testcase name="Notification" time="1.629" classname="bw_dd_testcases.AgencyClient">
    <skipped/>
  </testcase> <!-- Notification -->
  <testcase name="Notification" time="1.526" classname="bw_dd_testcases.AgencyClient">
    <skipped/>
  </testcase> <!-- Notification -->
  <testcase name="Notification" time="1.444" classname="bw_dd_testcases.AgencyClient">
    <failure type="java.lang.AssertionError" message="null">
      <![CDATA[java.lang.AssertionError: null
	at bw_dd_testcases.AgencyClient.Notification(AgencyClient.java:1112)
... Removed 26 stack frames]]>
    </failure>
  </testcase> <!-- Notification -->
</testsuite> <!-- Test8 -->
